Init Broker:
XSUB Port: 5556
XPUB Port: 5557
-------------------------------------------
Publication: 342 published Abyssinian
 with topic animals

************************************
Send history publication to subscriber.

************************************

************************************
Subscriber is requesting history publication.

************************************

************************************
Send history publication to subscriber.

************************************

************************************
Subscriber is requesting history publication.

************************************

************************************
Send history publication to subscriber.

************************************

************************************
Subscriber is requesting history publication.

************************************
