Init Broker:
XSUB Port: 5556
XPUB Port: 5557
-------------------------------------------
Publication: 21 published MacBook Pro
 with topic laptops
Publication: 21 published MacBook Air
 with topic laptops
Publication: 21 published Inspiron
 with topic laptops
Publication: 804 published Argentina
 with topic countries
Publication: 21 published Latitude
 with topic laptops
Publication: 804 published Armenia
 with topic countries
Publication: 21 published XPS
 with topic laptops
Publication: 804 published Aruba
 with topic countries
Publication: 21 published Alienware
 with topic laptops
Publication: 465 published MacBook Pro
 with topic laptops
Publication: 804 published Belize
 with topic countries
Publication: 21 published Vostro
 with topic laptops
Publication: 465 published MacBook Air
 with topic laptops
Publication: 804 published Benin
 with topic countries
Publication: 465 published Inspiron
 with topic laptops
Publication: 21 published Dell
 with topic laptops
Publication: 465 published Latitude
 with topic laptops
Publication: 804 published Bhutan
 with topic countries
Publication: 21 published ThinkPad
 with topic laptops
Publication: 465 published XPS
 with topic laptops
Publication: 804 published Bolivia
 with topic countries
Publication: 21 published IdeaPad
 with topic laptops
Publication: 465 published Alienware
 with topic laptops
Publication: 804 published Bosnia and Herzegovina
 with topic countries
Publication: 21 published Yoga
 with topic laptops
Publication: 21 published Legion
 with topic laptops
Publication: 804 published Botswana
 with topic countries
Publication: 465 published Vostro
 with topic laptops

************************************
Subscriber is requesting history publication.

************************************
Publication: 21 published Chromebook
 with topic laptops
Publication: 804 published Chad
 with topic countries
Publication: 21 published HP Pavilion
 with topic laptops
Publication: 465 published Dell
 with topic laptops
Publication: 804 published Chile
 with topic countries
Publication: 21 published HP EliteBook
 with topic laptops

************************************
Subscriber is requesting history publication.

************************************
Publication: 465 published ThinkPad
 with topic laptops
Publication: 21 published HP ProBook
 with topic laptops
Publication: 804 published China
 with topic countries
Publication: 21 published HP Envy
 with topic laptops
Publication: 465 published IdeaPad
 with topic laptops
Publication: 465 published Yoga
 with topic laptops
Publication: 804 published Colombia
 with topic countries
Publication: 21 published HP Omen
 with topic laptops
Publication: 804 published Comoros
 with topic countries

************************************
Subscriber is requesting history publication.

************************************
Publication: 21 published HP Chromebook
 with topic laptops
Publication: 465 published Legion
 with topic laptops
Publication: 804 published 
 with topic countries
Publication: 21 published MacBook
 with topic laptops
Publication: 804 published Estonia
 with topic countries
Publication: 465 published Chromebook
 with topic laptops
Publication: 21 published MacBook Pro
 with topic laptops
Publication: 804 published Ethiopia
 with topic countries
Publication: 21 published MacBook Air
 with topic laptops
Publication: 465 published HP Pavilion
 with topic laptops
Publication: 804 published Fiji
 with topic countries
Publication: 465 published HP EliteBook
 with topic laptops
Publication: 804 published Finland
 with topic countries
Publication: 465 published HP ProBook
 with topic laptops
Publication: 804 published France
 with topic countries
Publication: 21 published Inspiron
 with topic laptops
Publication: 465 published HP Envy
 with topic laptops
Publication: 804 published French Guiana
 with topic countries
Publication: 21 published Latitude
 with topic laptops
Publication: 804 published Gabon
 with topic countries
Publication: 21 published XPS
 with topic laptops
Publication: 465 published HP Omen
 with topic laptops
Publication: 804 published Gambia
 with topic countries
Publication: 465 published HP Chromebook
 with topic laptops
Publication: 21 published Alienware
 with topic laptops
Publication: 804 published Georgia
 with topic countries
Publication: 465 published MacBook
 with topic laptops
Publication: 21 published Vostro
 with topic laptops
Publication: 804 published Germany
 with topic countries
Publication: 21 published Dell
 with topic laptops
Publication: 465 published MacBook Pro
 with topic laptops
Publication: 804 published Ghana
 with topic countries
Publication: 465 published MacBook Air
 with topic laptops
Publication: 21 published ThinkPad
 with topic laptops
Publication: 465 published Inspiron
 with topic laptops
Publication: 804 published Great Britain
 with topic countries
Publication: 21 published IdeaPad
 with topic laptops
Publication: 804 published Greece
 with topic countries
Publication: 465 published Latitude
 with topic laptops
Publication: 465 published XPS
 with topic laptops
Publication: 21 published Yoga
 with topic laptops
Publication: 804 published Grenada
 with topic countries
Publication: 21 published Legion
 with topic laptops
Publication: 21 published Chromebook
 with topic laptops
Publication: 465 published Alienware
 with topic laptops
Publication: 804 published Guadeloupe
 with topic countries
Publication: 465 published Vostro
 with topic laptops
Publication: 21 published HP Pavilion
 with topic laptops
Publication: 465 published Dell
 with topic laptops
Publication: 21 published HP EliteBook
 with topic laptops
Publication: 804 published Guatemala
 with topic countries
Publication: 804 published Guinea
 with topic countries
Publication: 465 published ThinkPad
 with topic laptops
Publication: 21 published HP ProBook
 with topic laptops
Publication: 465 published IdeaPad
 with topic laptops
Publication: 804 published Guinea-Bissau
 with topic countries
Publication: 465 published Yoga
 with topic laptops
Publication: 21 published HP Envy
 with topic laptops
Publication: 465 published Legion
 with topic laptops
Publication: 804 published Guyana
 with topic countries
Publication: 465 published Chromebook
 with topic laptops
Publication: 21 published HP Omen
 with topic laptops
Publication: 465 published HP Pavilion
 with topic laptops
Publication: 804 published Haiti
 with topic countries
Publication: 21 published HP Chromebook
 with topic laptops
Publication: 465 published HP EliteBook
 with topic laptops
Publication: 465 published HP ProBook
 with topic laptops
Publication: 804 published Honduras
 with topic countries
Publication: 21 published MacBook
 with topic laptops
Publication: 465 published HP Envy
 with topic laptops
Publication: 465 published HP Omen
 with topic laptops
Publication: 804 published Hungary
 with topic countries
Publication: 21 published MacBook Pro
 with topic laptops
Publication: 804 published Iceland
 with topic countries
Publication: 465 published HP Chromebook
 with topic laptops
Publication: 21 published MacBook Air
 with topic laptops
Publication: 804 published India
 with topic countries
Publication: 804 published Indonesia
 with topic countries
Publication: 21 published Inspiron
 with topic laptops
Publication: 465 published MacBook
 with topic laptops
Publication: 465 published MacBook Pro
 with topic laptops
Publication: 465 published MacBook Air
 with topic laptops
Publication: 21 published Latitude
 with topic laptops
Publication: 804 published Iran
 with topic countries
Publication: 804 published Iraq
 with topic countries
Publication: 465 published Inspiron
 with topic laptops
Publication: 21 published XPS
 with topic laptops
Publication: 465 published Latitude
 with topic laptops
Publication: 804 published Israel and the Occupied Territories
 with topic countries
Publication: 21 published Alienware
 with topic laptops
Publication: 465 published XPS
 with topic laptops
Publication: 804 published Italy
 with topic countries
Publication: 21 published Vostro
 with topic laptops
Publication: 804 published Ivory Coast (Cote d'Ivoire)
 with topic countries
Publication: 465 published Alienware
 with topic laptops
Publication: 21 published Dell
 with topic laptops
Publication: 804 published Jamaica
 with topic countries
Publication: 465 published Vostro
 with topic laptops
Publication: 21 published ThinkPad
 with topic laptops
Publication: 804 published Japan
 with topic countries
Publication: 465 published Dell
 with topic laptops
Publication: 21 published IdeaPad
 with topic laptops
Publication: 804 published Jordan
 with topic countries
Publication: 465 published ThinkPad
 with topic laptops
Publication: 804 published Kazakhstan
 with topic countries
Publication: 465 published IdeaPad
 with topic laptops
Publication: 804 published Kenya
 with topic countries
Publication: 21 published Yoga
 with topic laptops
Publication: 465 published Yoga
 with topic laptops
Publication: 804 published Kosovo
 with topic countries
Publication: 465 published Legion
 with topic laptops
Publication: 465 published Chromebook
 with topic laptops
Publication: 804 published Kuwait
 with topic countries
Publication: 21 published Legion
 with topic laptops
Publication: 804 published Kyrgyz Republic (Kyrgyzstan)
 with topic countries
Publication: 465 published HP Pavilion
 with topic laptops
Publication: 21 published Chromebook
 with topic laptops
Publication: 21 published HP Pavilion
 with topic laptops
Publication: 804 published Laos
 with topic countries
Publication: 465 published HP EliteBook
 with topic laptops
Publication: 21 published HP EliteBook
 with topic laptops
Publication: 804 published Latvia
 with topic countries
Publication: 804 published Lebanon
 with topic countries
Publication: 21 published HP ProBook
 with topic laptops
Publication: 465 published HP ProBook
 with topic laptops
Publication: 465 published HP Envy
 with topic laptops
Publication: 21 published HP Envy
 with topic laptops
Publication: 465 published HP Omen
 with topic laptops
Publication: 804 published Lesotho
 with topic countries
Publication: 465 published HP Chromebook
 with topic laptops
Publication: 465 published MacBook
 with topic laptops
Publication: 465 published MacBook Pro
 with topic laptops
Publication: 804 published Liberia
 with topic countries
Publication: 21 published HP Omen
 with topic laptops
Publication: 804 published Libya
 with topic countries
Publication: 465 published MacBook Air
 with topic laptops
Publication: 21 published HP Chromebook
 with topic laptops
Publication: 465 published Inspiron
 with topic laptops
Publication: 21 published MacBook
 with topic laptops
Publication: 804 published Liechtenstein
 with topic countries
Publication: 21 published MacBook Pro
 with topic laptops
Publication: 465 published Latitude
 with topic laptops
Publication: 21 published MacBook Air
 with topic laptops
Publication: 804 published Lithuania
 with topic countries
Publication: 465 published XPS
 with topic laptops
Publication: 465 published Alienware
 with topic laptops
Publication: 804 published Luxembourg
 with topic countries
Publication: 21 published Inspiron
 with topic laptops
Publication: 21 published Latitude
 with topic laptops
Publication: 804 published Republic of Macedonia
 with topic countries
Publication: 465 published Vostro
 with topic laptops
Publication: 804 published Madagascar
 with topic countries
Publication: 21 published XPS
 with topic laptops
Publication: 465 published Dell
 with topic laptops
Publication: 465 published ThinkPad
 with topic laptops
Publication: 804 published Malawi
 with topic countries
Publication: 21 published Alienware
 with topic laptops
Publication: 465 published IdeaPad
 with topic laptops
Publication: 804 published Malaysia
 with topic countries
Publication: 21 published Vostro
 with topic laptops
Publication: 465 published Yoga
 with topic laptops
Publication: 465 published Legion
 with topic laptops
Publication: 804 published Maldives
 with topic countries
Publication: 21 published Dell
 with topic laptops
Publication: 465 published Chromebook
 with topic laptops
Publication: 804 published Mali
 with topic countries
Publication: 465 published HP Pavilion
 with topic laptops
Publication: 21 published ThinkPad
 with topic laptops
Publication: 804 published Malta
 with topic countries
Publication: 465 published HP EliteBook
 with topic laptops
Publication: 804 published Martinique
 with topic countries
Publication: 21 published IdeaPad
 with topic laptops
Publication: 804 published Mauritania
 with topic countries
Publication: 465 published HP ProBook
 with topic laptops
Publication: 465 published HP Envy
 with topic laptops
Publication: 21 published Yoga
 with topic laptops
Publication: 804 published Mauritius
 with topic countries
Publication: 804 published Mayotte
 with topic countries
Publication: 465 published HP Omen
 with topic laptops
Publication: 21 published Legion
 with topic laptops
Publication: 465 published HP Chromebook
 with topic laptops
Publication: 804 published Mexico
 with topic countries
Publication: 21 published Chromebook
 with topic laptops
Publication: 804 published Moldova, Republic of
 with topic countries
Publication: 465 published MacBook
 with topic laptops
Publication: 21 published HP Pavilion
 with topic laptops
Publication: 804 published Monaco
 with topic countries
Publication: 465 published MacBook Pro
 with topic laptops
Publication: 465 published MacBook Air
 with topic laptops
Publication: 804 published Mongolia
 with topic countries
Publication: 21 published HP EliteBook
 with topic laptops
Publication: 465 published Inspiron
 with topic laptops
Publication: 804 published Montenegro
 with topic countries
Publication: 465 published Latitude
 with topic laptops
Publication: 21 published HP ProBook
 with topic laptops
Publication: 804 published Montserrat
 with topic countries
Publication: 465 published XPS
 with topic laptops
Publication: 804 published Morocco
 with topic countries
Publication: 804 published Mozambique
 with topic countries
Publication: 21 published HP Envy
 with topic laptops
Publication: 804 published Namibia
 with topic countries
Publication: 465 published Alienware
 with topic laptops
Publication: 21 published HP Omen
 with topic laptops
Publication: 804 published Nepal
 with topic countries
Publication: 465 published Vostro
 with topic laptops
Publication: 21 published HP Chromebook
 with topic laptops
Publication: 804 published Netherlands
 with topic countries
Publication: 465 published Dell
 with topic laptops
Publication: 804 published New Zealand
 with topic countries
Publication: 21 published MacBook
 with topic laptops
Publication: 465 published ThinkPad
 with topic laptops
Publication: 465 published IdeaPad
 with topic laptops
Publication: 804 published Nicaragua
 with topic countries
Publication: 465 published Yoga
 with topic laptops
Publication: 21 published MacBook Pro
 with topic laptops
Publication: 804 published Niger
 with topic countries
Publication: 21 published MacBook Air
 with topic laptops
Publication: 804 published Nigeria
 with topic countries
Publication: 465 published Legion
 with topic laptops
Publication: 804 published Korea, Democratic Republic of (North Korea)
 with topic countries
Publication: 21 published Inspiron
 with topic laptops
Publication: 465 published Chromebook
 with topic laptops
Publication: 465 published HP Pavilion
 with topic laptops
Publication: 804 published Norway
 with topic countries
Publication: 21 published Latitude
 with topic laptops
Publication: 465 published HP EliteBook
 with topic laptops
Publication: 21 published XPS
 with topic laptops
Publication: 804 published Oman
 with topic countries
Publication: 465 published HP ProBook
 with topic laptops
Publication: 21 published Alienware
 with topic laptops
Publication: 465 published HP Envy
 with topic laptops
Publication: 804 published Pacific Islands
 with topic countries
Publication: 465 published HP Omen
 with topic laptops
Publication: 21 published Vostro
 with topic laptops
Publication: 804 published Pakistan
 with topic countries
Publication: 465 published HP Chromebook with topic laptops
Publication: 21 published Dell
 with topic laptops
Publication: 804 published Panama
 with topic countries
Publication: 21 published ThinkPad
 with topic laptops
Publication: 804 published Papua New Guinea
 with topic countries
Publication: 21 published IdeaPad
 with topic laptops
Publication: 804 published Paraguay
 with topic countries
Publication: 804 published Peru
 with topic countries
Publication: 21 published Yoga
 with topic laptops
Publication: 804 published Philippines
 with topic countries
Publication: 21 published Legion
 with topic laptops
Publication: 804 published Poland
 with topic countries
Publication: 21 published Chromebook
 with topic laptops
Publication: 804 published Portugal
 with topic countries
Publication: 21 published HP Pavilion
 with topic laptops
Publication: 804 published Puerto Rico
 with topic countries
Publication: 804 published Qatar
 with topic countries
Publication: 21 published HP EliteBook
 with topic laptops
Publication: 804 published Reunion
 with topic countries
Publication: 21 published HP ProBook
 with topic laptops
Publication: 804 published Romania
 with topic countries
Publication: 21 published HP Envy
 with topic laptops
Publication: 21 published HP Omen
 with topic laptops
Publication: 804 published Russian Federation
 with topic countries
Publication: 21 published HP Chromebook with topic laptops
Publication: 804 published Rwanda
 with topic countries
Publication: 804 published Saint Kitts and Nevis
 with topic countries
Publication: 804 published Saint Lucia
 with topic countries
Publication: 804 published Saint Vincent's & Grenadines
 with topic countries
Publication: 804 published Samoa
 with topic countries
Publication: 804 published Sao Tome and Principe
 with topic countries
Publication: 804 published Saudi Arabia
 with topic countries
Publication: 804 published Senegal
 with topic countries
Publication: 804 published Serbia
 with topic countries
Publication: 804 published Seychelles
 with topic countries
Publication: 804 published Sierra Leone
 with topic countries
Publication: 804 published Singapore
 with topic countries
Publication: 804 published Slovak Republic (Slovakia)
 with topic countries
Publication: 804 published Slovenia
 with topic countries
Publication: 804 published Solomon Islands
 with topic countries
Publication: 804 published Somalia
 with topic countries
Publication: 804 published South Africa
 with topic countries
Publication: 804 published Korea, Republic of (South Korea)
 with topic countries
Publication: 804 published South Sudan
 with topic countries
Publication: 804 published Spain
 with topic countries
Publication: 804 published Sri Lanka
 with topic countries
Publication: 804 published Sudan
 with topic countries
Publication: 804 published Suriname
 with topic countries
Publication: 804 published Swaziland
 with topic countries
Publication: 804 published Sweden
 with topic countries
Publication: 804 published Switzerland
 with topic countries
Publication: 804 published Syria
 with topic countries
Publication: 804 published Tajikistan
 with topic countries
Publication: 804 published Tanzania
 with topic countries
Publication: 804 published Thailand
 with topic countries
Publication: 804 published Timor Leste
 with topic countries
Publication: 804 published Togo
 with topic countries
Publication: 804 published Trinidad & Tobago
 with topic countries
Publication: 804 published Tunisia
 with topic countries
Publication: 804 published Turkey
 with topic countries
Publication: 804 published Turkmenistan
 with topic countries
Publication: 804 published Turks & Caicos Islands
 with topic countries
Publication: 804 published Uganda
 with topic countries
Publication: 804 published Ukraine
 with topic countries
Publication: 804 published United Arab Emirates
 with topic countries
Publication: 804 published United States of America (USA)
 with topic countries
Publication: 804 published Uruguay
 with topic countries
Publication: 804 published Uzbekistan
 with topic countries
Publication: 804 published Venezuela
 with topic countries
Publication: 804 published Vietnam
 with topic countries
Publication: 804 published Virgin Islands (UK)
 with topic countries
Publication: 804 published Virgin Islands (US)
 with topic countries
Publication: 804 published Yemen
 with topic countries
Publication: 804 published Zambia
 with topic countries
Publication: 804 published Zimbabwe with topic countries
