Init Broker:
XSUB Port: 5556
XPUB Port: 5557
-------------------------------------------
Publication: 433 published MacBook Pro
 with topic laptops
Publication: 433 published MacBook Air
 with topic laptops
Publication: 433 published Inspiron
 with topic laptops
Publication: 277 published Argentina
 with topic countries
Publication: 277 published Armenia
 with topic countries
Publication: 433 published Latitude
 with topic laptops
Publication: 43 published MacBook Pro
 with topic laptops
Publication: 433 published XPS
 with topic laptops
Publication: 277 published Aruba
 with topic countries
Publication: 43 published MacBook Air
 with topic laptops
Publication: 277 published Belize
 with topic countries
Publication: 43 published Inspiron
 with topic laptops
Publication: 433 published Alienware
 with topic laptops
Publication: 43 published Latitude
 with topic laptops
Publication: 277 published Benin
 with topic countries
Publication: 433 published Vostro
 with topic laptops
Publication: 277 published Bhutan
 with topic countries
Publication: 433 published Dell
 with topic laptops
Publication: 277 published Bolivia
 with topic countries
Publication: 43 published XPS
 with topic laptops
Publication: 433 published ThinkPad
 with topic laptops
Publication: 43 published Alienware
 with topic laptops
Publication: 277 published Bosnia and Herzegovina
 with topic countries
Publication: 43 published Vostro
 with topic laptops
Publication: 277 published Botswana
 with topic countries
Publication: 433 published IdeaPad
 with topic laptops
Publication: 43 published Dell
 with topic laptops
Publication: 433 published Yoga
 with topic laptops

************************************
Subscriber is requesting history publication.

************************************
Publication: 43 published ThinkPad
 with topic laptops
Publication: 433 published Legion
 with topic laptops
Publication: 43 published IdeaPad
 with topic laptops
Publication: 277 published Chad
 with topic countries
Publication: 43 published Yoga
 with topic laptops
Publication: 277 published Chile
 with topic countries
Publication: 433 published Chromebook
 with topic laptops
Publication: 43 published Legion
 with topic laptops
Publication: 277 published China
 with topic countries

************************************
Subscriber is requesting history publication.

************************************
Publication: 43 published Chromebook
 with topic laptops
Publication: 433 published HP Pavilion
 with topic laptops
Publication: 277 published Colombia
 with topic countries
Publication: 433 published HP EliteBook
 with topic laptops
Publication: 43 published HP Pavilion
 with topic laptops
Publication: 43 published HP EliteBook
 with topic laptops

************************************
Subscriber is requesting history publication.

************************************
Publication: 277 published Comoros
 with topic countries
Publication: 433 published HP ProBook
 with topic laptops
Publication: 43 published HP ProBook
 with topic laptops
Publication: 277 published 
 with topic countries
Publication: 433 published HP Envy
 with topic laptops
Publication: 43 published HP Envy
 with topic laptops
