Init Broker:
XSUB Port: 5556
XPUB Port: 5557
-------------------------------------------
Publication: 293 published MacBook Pro
 with topic laptops
Publication: 293 published MacBook Air
 with topic laptops
Publication: 293 published Inspiron
 with topic laptops
Publication: 293 published Latitude
 with topic laptops
Publication: 577 published Apple
 with topic phones
Publication: 293 published XPS
 with topic laptops
Publication: 293 published Alienware
 with topic laptops
Publication: 293 published Vostro
 with topic laptops
Publication: 577 published Nokia
 with topic phones
Publication: 577 published Sony
 with topic phones
Publication: 293 published Dell
 with topic laptops
Publication: 577 published LG
 with topic phones
Publication: 516 published apples
 with topic foods
Publication: 516 published avacado
 with topic foods
Publication: 293 published ThinkPad
 with topic laptops
Publication: 577 published HTC
 with topic phones
Publication: 516 published alfalfa
 with topic foods
Publication: 577 published Motorola
 with topic phones
Publication: 293 published IdeaPad
 with topic laptops
Publication: 516 published acorn squash
 with topic foods
Publication: 577 published Huawei
 with topic phones
Publication: 293 published Yoga
 with topic laptops
Publication: 516 published almond
 with topic foods
Publication: 293 published Legion
 with topic laptops
Publication: 577 published Xiaomi
 with topic phones
Publication: 293 published Chromebook
 with topic laptops
Publication: 516 published arugala
 with topic foods
Publication: 577 published Vivo
 with topic phones
Publication: 516 published artichoke
 with topic foods
Publication: 293 published HP Pavilion
 with topic laptops
Publication: 577 published Samsung
 with topic phones
Publication: 516 published applesauce
 with topic foods
Publication: 577 published Apple
 with topic phones

************************************
Subscriber is requesting history publication.

************************************
Publication: 293 published HP EliteBook
 with topic laptops
Publication: 516 published asian noodles
 with topic foods
Publication: 577 published Nokia
 with topic phones
Publication: 516 published antelope
 with topic foods
Publication: 293 published HP ProBook
 with topic laptops
Publication: 293 published HP Envy
 with topic laptops
Publication: 516 published ahi tuna
 with topic foods
Publication: 577 published Sony
 with topic phones
Publication: 516 published albacore tuna
 with topic foods
Publication: 293 published HP Omen
 with topic laptops
Publication: 577 published LG
 with topic phones
Publication: 516 published Apple juice
 with topic foods
Publication: 577 published HTC
 with topic phones
Publication: 293 published HP Chromebook
 with topic laptops
Publication: 293 published MacBook
 with topic laptops
Publication: 577 published Motorola
 with topic phones
Publication: 516 published Avocado roll
 with topic foods
Publication: 293 published MacBook Pro
 with topic laptops
Publication: 577 published Huawei
 with topic phones
Publication: 516 published Bruscetta
 with topic foods
Publication: 293 published MacBook Air
 with topic laptops
Publication: 577 published Xiaomi
 with topic phones
Publication: 516 published bacon
 with topic foods
Publication: 293 published Inspiron
 with topic laptops
