Init Broker:
XSUB Port: 5556
XPUB Port: 5557
-------------------------------------------
Publication: 263 published MacBook
 with topic laptops
Publication: 263 published MacBook Pro
 with topic laptops
Publication: 263 published MacBook Air
 with topic laptops
Publication: 263 published Inspiron
 with topic laptops
Publication: 278 published Abyssinian
 with topic animals
Publication: 263 published Latitude
 with topic laptops
Publication: 263 published XPS
 with topic laptops
Publication: 278 published Adelie Penguin
 with topic animals
Publication: 278 published Affenpinscher
 with topic animals
Publication: 231 published MacBook Pro
 with topic laptops
Publication: 263 published Alienware
 with topic laptops
Publication: 278 published Afghan Hound
 with topic animals
Publication: 231 published MacBook Air
 with topic laptops
Publication: 263 published Vostro
 with topic laptops
Publication: 263 published Dell
 with topic laptops
Publication: 278 published African Bush Elephant
 with topic animals
Publication: 231 published Inspiron
 with topic laptops
Publication: 263 published ThinkPad
 with topic laptops
Publication: 231 published Latitude
 with topic laptops
Publication: 263 published IdeaPad
 with topic laptops
Publication: 278 published African Civet
 with topic animals
Publication: 231 published XPS
 with topic laptops
Publication: 263 published Yoga
 with topic laptops
Publication: 278 published African Clawed Frog
 with topic animals

************************************
Send history publication to subscriber.

************************************

************************************
Subscriber is requesting history publication.

************************************
Publication: 231 published Alienware
 with topic laptops
Publication: 263 published Legion
 with topic laptops
Publication: 231 published Vostro
 with topic laptops
Publication: 278 published African Forest Elephant
 with topic animals
Publication: 263 published Chromebook
 with topic laptops
Publication: 231 published Dell
 with topic laptops
Publication: 231 published ThinkPad
 with topic laptops
Publication: 278 published African Palm Civet
 with topic animals

************************************
Send history publication to subscriber.

************************************

************************************
Subscriber is requesting history publication.

************************************
Publication: 231 published IdeaPad
 with topic laptops
Publication: 263 published HP Pavilion
 with topic laptops
Publication: 231 published Yoga
 with topic laptops
Publication: 263 published HP EliteBook
 with topic laptops
Publication: 278 published African Penguin
 with topic animals
Publication: 231 published Legion
 with topic laptops
Publication: 231 published Chromebook
 with topic laptops
Publication: 278 published African Tree Toad
 with topic animals
Publication: 263 published HP ProBook
 with topic laptops
Publication: 231 published HP Pavilion
 with topic laptops
Publication: 231 published HP EliteBook
 with topic laptops

************************************
Send history publication to subscriber.

************************************

************************************
Subscriber is requesting history publication.

************************************
Publication: 263 published HP Envy
 with topic laptops
Publication: 231 published HP ProBook
 with topic laptops
Publication: 278 published African Wild Dog
 with topic animals
Publication: 278 published Ainu Dog
 with topic animals
Publication: 231 published HP Envy
 with topic laptops
Publication: 263 published HP Omen
 with topic laptops
Publication: 231 published HP Omen
 with topic laptops
Publication: 263 published HP Chromebook
 with topic laptops
Publication: 278 published Airedale Terrier
 with topic animals
Publication: 263 published MacBook
 with topic laptops
Publication: 231 published HP Chromebook
 with topic laptops
Publication: 278 published Akbash
 with topic animals
Publication: 278 published Akita
 with topic animals
Publication: 263 published MacBook Pro
 with topic laptops
Publication: 231 published MacBook
 with topic laptops
Publication: 263 published MacBook Air
 with topic laptops
Publication: 278 published Alaskan Malamute
 with topic animals
Publication: 231 published MacBook Pro
 with topic laptops
Publication: 231 published MacBook Air
 with topic laptops
Publication: 278 published Albatross
 with topic animals
Publication: 263 published Inspiron
 with topic laptops
Publication: 231 published Inspiron
 with topic laptops
Publication: 263 published Latitude
 with topic laptops
Publication: 231 published Latitude
 with topic laptops
Publication: 278 published Aldabra Giant Tortoise
 with topic animals
Publication: 263 published XPS
 with topic laptops
Publication: 278 published Alligator
 with topic animals
Publication: 263 published Alienware
 with topic laptops
Publication: 231 published XPS
 with topic laptops
Publication: 231 published Alienware
 with topic laptops
Publication: 263 published Vostro
 with topic laptops
Publication: 278 published Alpine Dachsbracke
 with topic animals
Publication: 231 published Vostro
 with topic laptops
Publication: 263 published Dell
 with topic laptops
Publication: 263 published ThinkPad
 with topic laptops
Publication: 278 published American Bulldog
 with topic animals
Publication: 263 published IdeaPad
 with topic laptops
Publication: 231 published Dell
 with topic laptops
Publication: 263 published Yoga
 with topic laptops
Publication: 278 published American Cocker Spaniel
 with topic animals
Publication: 231 published ThinkPad
 with topic laptops
Publication: 278 published American Coonhound
 with topic animals
Publication: 263 published Legion
 with topic laptops
Publication: 231 published IdeaPad
 with topic laptops
Publication: 278 published American Eskimo Dog
 with topic animals
Publication: 263 published Chromebook
 with topic laptops
Publication: 278 published American Foxhound
 with topic animals
Publication: 263 published HP Pavilion
 with topic laptops
Publication: 278 published American Pit Bull Terrier
 with topic animals
Publication: 278 published American Staffordshire Terrier
 with topic animals
Publication: 278 published American Water Spaniel
 with topic animals
Publication: 231 published Yoga
 with topic laptops
Publication: 278 published Anatolian Shepherd Dog
 with topic animals
Publication: 263 published HP EliteBook
 with topic laptops
Publication: 231 published Legion
 with topic laptops
Publication: 278 published Angelfish
 with topic animals
Publication: 263 published HP ProBook
 with topic laptops
Publication: 231 published Chromebook
 with topic laptops
Publication: 278 published Ant
 with topic animals
Publication: 231 published HP Pavilion
 with topic laptops
Publication: 278 published Anteater
 with topic animals
Publication: 263 published HP Envy
 with topic laptops
Publication: 231 published HP EliteBook
 with topic laptops
Publication: 263 published HP Omen
 with topic laptops
Publication: 278 published Antelope
 with topic animals
Publication: 278 published Appenzeller Dog
 with topic animals
Publication: 263 published HP Chromebook
 with topic laptops
Publication: 231 published HP ProBook
 with topic laptops
Publication: 231 published HP Envy
 with topic laptops
Publication: 278 published Arctic Fox
 with topic animals
Publication: 263 published MacBook
 with topic laptops
Publication: 278 published Arctic Hare
 with topic animals
Publication: 231 published HP Omen
 with topic laptops
Publication: 263 published MacBook Pro
 with topic laptops
Publication: 278 published Arctic Wolf
 with topic animals
Publication: 231 published HP Chromebook
 with topic laptops
Publication: 263 published MacBook Air
 with topic laptops
Publication: 263 published Inspiron
 with topic laptops
Publication: 278 published Armadillo
 with topic animals
Publication: 263 published Latitude
 with topic laptops
Publication: 231 published MacBook
 with topic laptops
Publication: 263 published XPS
 with topic laptops
Publication: 231 published MacBook Pro
 with topic laptops
Publication: 278 published Asian Elephant
 with topic animals
Publication: 263 published Alienware
 with topic laptops
Publication: 278 published Asian Giant Hornet
 with topic animals
Publication: 231 published MacBook Air
 with topic laptops
Publication: 263 published Vostro
 with topic laptops
Publication: 278 published Asian Palm Civet
 with topic animals
Publication: 231 published Inspiron
 with topic laptops
Publication: 263 published Dell
 with topic laptops
Publication: 278 published Asiatic Black Bear
 with topic animals
Publication: 231 published Latitude
 with topic laptops
Publication: 278 published Australian Cattle Dog
 with topic animals
Publication: 263 published ThinkPad
 with topic laptops
Publication: 278 published Australian Kelpie Dog
 with topic animals
Publication: 231 published XPS
 with topic laptops
Publication: 278 published Australian Mist
 with topic animals
Publication: 263 published IdeaPad
 with topic laptops
Publication: 231 published Alienware
 with topic laptops
Publication: 278 published Australian Shepherd
 with topic animals
Publication: 278 published Australian Terrier
 with topic animals
Publication: 231 published Vostro
 with topic laptops
Publication: 263 published Yoga
 with topic laptops
