Init Broker:
XSUB Port: 5556
XPUB Port: 5557
-------------------------------------------
Publication: 645 published Apple
 with topic phones
Publication: 645 published Nokia
 with topic phones
Publication: 945 published Apple
 with topic phones
Publication: 645 published Sony
 with topic phones
Publication: 945 published Nokia
 with topic phones
Publication: 645 published LG
 with topic phones
Publication: 645 published HTC
 with topic phones
Publication: 945 published Sony
 with topic phones
Publication: 945 published LG
 with topic phones
Publication: 645 published Motorola
 with topic phones
Publication: 613 published Abyssinian
 with topic animals
Publication: 613 published Adelie Penguin
 with topic animals
Publication: 945 published HTC
 with topic phones
Publication: 613 published Affenpinscher
 with topic animals
Publication: 645 published Huawei
 with topic phones
Publication: 945 published Motorola
 with topic phones
Publication: 613 published Afghan Hound
 with topic animals
Publication: 945 published Huawei
 with topic phones
Publication: 645 published Xiaomi
 with topic phones
Publication: 613 published African Bush Elephant
 with topic animals
Publication: 945 published Xiaomi
 with topic phones
Publication: 645 published Vivo
 with topic phones

************************************
Send history publication to subscriber.

************************************

************************************
Subscriber is requesting history publication.

************************************
Publication: 613 published African Civet
 with topic animals
Publication: 945 published Vivo
 with topic phones
Publication: 645 published Samsung
 with topic phones
Publication: 613 published African Clawed Frog
 with topic animals
Publication: 945 published Samsung
 with topic phones
Publication: 645 published Apple
 with topic phones
Publication: 613 published African Forest Elephant
 with topic animals

************************************
Send history publication to subscriber.

************************************

************************************
Subscriber is requesting history publication.

************************************
Publication: 613 published African Palm Civet
 with topic animals
Publication: 945 published Apple
 with topic phones
Publication: 645 published Nokia
 with topic phones
Publication: 645 published Sony
 with topic phones
Publication: 945 published Nokia
 with topic phones
Publication: 613 published African Penguin
 with topic animals
Publication: 945 published Sony
 with topic phones
Publication: 645 published LG
 with topic phones
Publication: 945 published LG
 with topic phones
Publication: 613 published African Tree Toad
 with topic animals
