
*************************************************
Register info:
ID: 10.0.0.7
Initial topic: countries
Connection Info: tcp://10.0.0.2:5556

*************************************************
Reconnect to new broker node.

*************************************************
Register info:
ID: 10.0.0.7
Initial topic: countries
Connection Info: tcp://10.0.0.3:5556

*************************************************
Start sending publications.

*************************************************
Publish Info:
Publish: Antigua and Barbuda
Time: 1524592703.83

*************************************************
Heartbeat info:
Time: 1524592703.85
*************************************************
Publish Info:
Publish: Argentina
Time: 1524592708.85

*************************************************
Heartbeat info:
Time: 1524592708.88
*************************************************
Publish Info:
Publish: Armenia
Time: 1524592714.88

*************************************************
Heartbeat info:
Time: 1524592714.89
*************************************************
Publish Info:
Publish: Aruba
Time: 1524592721.9

*************************************************
Heartbeat info:
Time: 1524592721.95
*************************************************
Publish Info:
Publish: Belize
Time: 1524592726.95

*************************************************
Heartbeat info:
Time: 1524592727.0
*************************************************
Publish Info:
Publish: Benin
Time: 1524592733.01

*************************************************
Heartbeat info:
Time: 1524592733.05
*************************************************
Publish Info:
Publish: Bhutan
Time: 1524592736.06

*************************************************
Heartbeat info:
Time: 1524592736.08
*************************************************
Publish Info:
Publish: Bolivia
Time: 1524592740.09

*************************************************
Heartbeat info:
Time: 1524592740.11
*************************************************
Publish Info:
Publish: Bosnia and Herzegovina
Time: 1524592745.12

*************************************************
Heartbeat info:
Time: 1524592745.15
*************************************************
Publish Info:
Publish: Botswana
Time: 1524592753.16

*************************************************
Heartbeat info:
Time: 1524592753.18
*************************************************
Publish Info:
Publish: Chad
Time: 1524592758.18

*************************************************
Heartbeat info:
Time: 1524592758.22
*************************************************
Publish Info:
Publish: Chile
Time: 1524592766.23

*************************************************
Reconnect to new broker node.

*************************************************
Register info:
ID: 10.0.0.7
Initial topic: countries
Connection Info: tcp://10.0.0.2:5556

*************************************************
Start sending publications.

*************************************************
Publish Info:
Publish: Chile
Time: 1524592830.29

*************************************************
Heartbeat info:
Time: 1524592830.33
*************************************************
Publish Info:
Publish: China
Time: 1524592834.33

*************************************************
Heartbeat info:
Time: 1524592834.34
*************************************************
Publish Info:
Publish: Colombia
Time: 1524592837.34

*************************************************
Heartbeat info:
Time: 1524592837.36
*************************************************
Publish Info:
Publish: Comoros
Time: 1524592842.36

*************************************************
Heartbeat info:
Time: 1524592842.38
*************************************************
Publish Info:
Publish: 
Time: 1524592848.39

*************************************************
Heartbeat info:
Time: 1524592848.42
*************************************************
Publish Info:
Publish: Estonia
Time: 1524592855.42

*************************************************
Heartbeat info:
Time: 1524592855.47
*************************************************
Publish Info:
Publish: Ethiopia
Time: 1524592862.47

*************************************************
Heartbeat info:
Time: 1524592862.5
*************************************************
Publish Info:
Publish: Fiji
Time: 1524592867.51

*************************************************
Heartbeat info:
Time: 1524592867.53
*************************************************
Publish Info:
Publish: Finland
Time: 1524592874.54

*************************************************
Heartbeat info:
Time: 1524592874.58
*************************************************
Publish Info:
Publish: France
Time: 1524592882.59

*************************************************
Heartbeat info:
Time: 1524592882.61
*************************************************
Publish Info:
Publish: French Guiana
Time: 1524592888.62

*************************************************
Heartbeat info:
Time: 1524592888.65
*************************************************
Publish Info:
Publish: Gabon
Time: 1524592893.66

*************************************************
Heartbeat info:
Time: 1524592893.67
*************************************************
Publish Info:
Publish: Gambia
Time: 1524592901.68

*************************************************
Heartbeat info:
Time: 1524592901.71
*************************************************
Publish Info:
Publish: Georgia
Time: 1524592906.71

*************************************************
Heartbeat info:
Time: 1524592906.75
*************************************************
Publish Info:
Publish: Germany
Time: 1524592912.75

*************************************************
Heartbeat info:
Time: 1524592912.77