
*************************************************
Register info:
ID: 10.0.0.5
Initial topic: animals
Connection Info: tcp://10.0.0.2:5556

*************************************************
Reconnect to new broker node.

*************************************************
Register info:
ID: 10.0.0.5
Initial topic: animals
Connection Info: tcp://10.0.0.1:5556

*************************************************
Start sending publications.

*************************************************
Publish Info:
Publish: Aardvark
Time: 1524592689.8

*************************************************
Heartbeat info:
Time: 1524592696.82
*************************************************
Publish Info:
Publish: Abyssinian
Time: 1524592702.83

*************************************************
Heartbeat info:
Time: 1524592702.85
*************************************************
Publish Info:
Publish: Adelie Penguin
Time: 1524592705.85

*************************************************
Heartbeat info:
Time: 1524592705.87
*************************************************
Publish Info:
Publish: Affenpinscher
Time: 1524592712.87

*************************************************
Heartbeat info:
Time: 1524592712.93
*************************************************
Publish Info:
Publish: Afghan Hound
Time: 1524592718.94

*************************************************
Heartbeat info:
Time: 1524592718.96
*************************************************
Publish Info:
Publish: African Bush Elephant
Time: 1524592723.97

*************************************************
Heartbeat info:
Time: 1524592723.98
*************************************************
Publish Info:
Publish: African Civet
Time: 1524592731.99

*************************************************
Heartbeat info:
Time: 1524592732.04
*************************************************
Publish Info:
Publish: African Clawed Frog
Time: 1524592737.04

*************************************************
Heartbeat info:
Time: 1524592737.08
*************************************************
Publish Info:
Publish: African Forest Elephant
Time: 1524592742.09

*************************************************
Heartbeat info:
Time: 1524592742.11
*************************************************
Publish Info:
Publish: African Palm Civet
Time: 1524592749.11

*************************************************
Heartbeat info:
Time: 1524592749.12
*************************************************
Publish Info:
Publish: African Penguin
Time: 1524592756.12

*************************************************
Heartbeat info:
Time: 1524592756.14
*************************************************
Publish Info:
Publish: African Tree Toad
Time: 1524592760.14

*************************************************
Heartbeat info:
Time: 1524592760.19
*************************************************
Publish Info:
Publish: African Wild Dog
Time: 1524592768.2

*************************************************
Heartbeat info:
Time: 1524592768.23
*************************************************
Publish Info:
Publish: Ainu Dog
Time: 1524592772.23

*************************************************
Heartbeat info:
Time: 1524592808.27
*************************************************
Publish Info:
Publish: Airedale Terrier
Time: 1524592814.28

*************************************************
Heartbeat info:
Time: 1524592816.39
*************************************************
Publish Info:
Publish: Akbash
Time: 1524592822.39

*************************************************
Heartbeat info:
Time: 1524592824.5
*************************************************
Publish Info:
Publish: Akita
Time: 1524592829.5

*************************************************
Heartbeat info:
Time: 1524592829.51
*************************************************
Publish Info:
Publish: Alaskan Malamute
Time: 1524592835.52

*************************************************
Heartbeat info:
Time: 1524592835.52
*************************************************
Publish Info:
Publish: Albatross
Time: 1524592842.52

*************************************************
Heartbeat info:
Time: 1524592842.53
*************************************************
Publish Info:
Publish: Aldabra Giant Tortoise
Time: 1524592846.54

*************************************************
Heartbeat info:
Time: 1524592846.57
*************************************************
Publish Info:
Publish: Alligator
Time: 1524592852.57

*************************************************
Heartbeat info:
Time: 1524592852.59
*************************************************
Publish Info:
Publish: Alpine Dachsbracke
Time: 1524592857.59

*************************************************
Heartbeat info:
Time: 1524592857.6
*************************************************
Publish Info:
Publish: American Bulldog
Time: 1524592862.6

*************************************************
Heartbeat info:
Time: 1524592862.61
*************************************************
Publish Info:
Publish: American Cocker Spaniel
Time: 1524592866.62

*************************************************
Heartbeat info:
Time: 1524592866.66
*************************************************
Publish Info:
Publish: American Coonhound
Time: 1524592873.67

*************************************************
Heartbeat info:
Time: 1524592873.7
*************************************************
Publish Info:
Publish: American Eskimo Dog
Time: 1524592877.7

*************************************************
Heartbeat info:
Time: 1524592877.75
*************************************************
Publish Info:
Publish: American Foxhound
Time: 1524592883.76

*************************************************
Heartbeat info:
Time: 1524592883.78
*************************************************
Publish Info:
Publish: American Pit Bull Terrier
Time: 1524592889.78

*************************************************
Heartbeat info:
Time: 1524592889.84
*************************************************
Publish Info:
Publish: American Staffordshire Terrier
Time: 1524592894.84

*************************************************
Heartbeat info:
Time: 1524592894.86
*************************************************
Publish Info:
Publish: American Water Spaniel
Time: 1524592902.87

*************************************************
Heartbeat info:
Time: 1524592902.93
*************************************************
Publish Info:
Publish: Anatolian Shepherd Dog
Time: 1524592910.93

*************************************************
Heartbeat info:
Time: 1524592910.95
*************************************************
Publish Info:
Publish: Angelfish
Time: 1524592913.96

*************************************************
Heartbeat info:
Time: 1524592913.96