
*************************************************
Register info:
ID: 10.0.0.6
Initial topic: foods
Connection Info: tcp://10.0.0.2:5556

*************************************************
Reconnect to new broker node.

*************************************************
Register info:
ID: 10.0.0.6
Initial topic: foods
Connection Info: tcp://10.0.0.3:5556

*************************************************
Start sending publications.

*************************************************
Publish Info:
Publish: asparagus
Time: 1524592694.8

*************************************************
Heartbeat info:
Time: 1524592699.39
*************************************************
Publish Info:
Publish: apples
Time: 1524592703.39

*************************************************
Heartbeat info:
Time: 1524592703.45
*************************************************
Publish Info:
Publish: avacado
Time: 1524592710.45

*************************************************
Heartbeat info:
Time: 1524592710.49
*************************************************
Publish Info:
Publish: alfalfa
Time: 1524592718.5

*************************************************
Heartbeat info:
Time: 1524592718.53
*************************************************
Publish Info:
Publish: acorn squash
Time: 1524592722.53

*************************************************
Heartbeat info:
Time: 1524592722.57
*************************************************
Publish Info:
Publish: almond
Time: 1524592730.58

*************************************************
Heartbeat info:
Time: 1524592730.62
*************************************************
Publish Info:
Publish: arugala
Time: 1524592736.63

*************************************************
Heartbeat info:
Time: 1524592736.65
*************************************************
Publish Info:
Publish: artichoke
Time: 1524592744.66

*************************************************
Heartbeat info:
Time: 1524592744.7
*************************************************
Publish Info:
Publish: applesauce
Time: 1524592748.7

*************************************************
Heartbeat info:
Time: 1524592748.73
*************************************************
Publish Info:
Publish: asian noodles
Time: 1524592755.73

*************************************************
Heartbeat info:
Time: 1524592755.77
*************************************************
Publish Info:
Publish: antelope
Time: 1524592762.78

*************************************************
Heartbeat info:
Time: 1524592762.8
*************************************************
Publish Info:
Publish: ahi tuna
Time: 1524592766.8

*************************************************
Reconnect to new broker node.

*************************************************
Register info:
ID: 10.0.0.6
Initial topic: foods
Connection Info: tcp://10.0.0.2:5556

*************************************************
Start sending publications.

*************************************************
Publish Info:
Publish: ahi tuna
Time: 1524592831.86

*************************************************
Heartbeat info:
Time: 1524592831.91
*************************************************
Publish Info:
Publish: albacore tuna
Time: 1524592835.91

*************************************************
Heartbeat info:
Time: 1524592835.93
*************************************************
Publish Info:
Publish: Apple juice
Time: 1524592840.94

*************************************************
Heartbeat info:
Time: 1524592840.98
*************************************************
Publish Info:
Publish: Avocado roll
Time: 1524592847.98

*************************************************
Heartbeat info:
Time: 1524592848.02
*************************************************
Publish Info:
Publish: Bruscetta
Time: 1524592852.02

*************************************************
Heartbeat info:
Time: 1524592852.05
*************************************************
Publish Info:
Publish: bacon
Time: 1524592855.06

*************************************************
Heartbeat info:
Time: 1524592855.09
*************************************************
Publish Info:
Publish: black beans
Time: 1524592858.09

*************************************************
Heartbeat info:
Time: 1524592858.12
*************************************************
Publish Info:
Publish: bagels
Time: 1524592862.13

*************************************************
Heartbeat info:
Time: 1524592862.14
*************************************************
Publish Info:
Publish: baked beans
Time: 1524592866.14

*************************************************
Heartbeat info:
Time: 1524592866.16
*************************************************
Publish Info:
Publish: BBQ
Time: 1524592874.17

*************************************************
Heartbeat info:
Time: 1524592874.2
*************************************************
Publish Info:
Publish: bison
Time: 1524592879.2

*************************************************
Heartbeat info:
Time: 1524592879.25
*************************************************
Publish Info:
Publish: barley
Time: 1524592885.26

*************************************************
Heartbeat info:
Time: 1524592885.27
*************************************************
Publish Info:
Publish: beer
Time: 1524592889.28

*************************************************
Heartbeat info:
Time: 1524592889.29
*************************************************
Publish Info:
Publish: bisque
Time: 1524592897.3

*************************************************
Heartbeat info:
Time: 1524592897.34
*************************************************
Publish Info:
Publish: bluefish
Time: 1524592904.35

*************************************************
Heartbeat info:
Time: 1524592904.36
*************************************************
Publish Info:
Publish: bread
Time: 1524592908.36

*************************************************
Heartbeat info:
Time: 1524592908.38
*************************************************
Publish Info:
Publish: broccoli
Time: 1524592911.38

*************************************************
Heartbeat info:
Time: 1524592911.41